#
# There is insufficient memory for the Java Runtime Environment to continue.
# Native memory allocation (malloc) failed to allocate 32744 bytes for ChunkPool::allocate
# Possible reasons:
#   The system is out of physical RAM or swap space
#   The process is running with CompressedOops enabled, and the Java Heap may be blocking the growth of the native heap
# Possible solutions:
#   Reduce memory load on the system
#   Increase physical memory or swap space
#   Check if swap backing store is full
#   Decrease Java heap size (-Xmx/-Xms)
#   Decrease number of Java threads
#   Decrease Java thread stack sizes (-Xss)
#   Set larger code cache with -XX:ReservedCodeCacheSize=
#   JVM is running with Zero Based Compressed Oops mode in which the Java heap is
#     placed in the first 32GB address space. The Java Heap base address is the
#     maximum limit for the native heap growth. Please use -XX:HeapBaseMinAddress
#     to set the Java Heap base and to place the Java Heap above 32GB virtual address.
# This output file may be truncated or incomplete.
#
#  Out of Memory Error (allocation.cpp:272), pid=4960, tid=0x0000000000001228
#
# JRE version: Java(TM) SE Runtime Environment (8.0_271-b09) (build 1.8.0_271-b09)
# Java VM: Java HotSpot(TM) 64-Bit Server VM (25.271-b09 mixed mode windows-amd64 compressed oops)
# Failed to write core dump. Minidumps are not enabled by default on client versions of Windows
#

---------------  T H R E A D  ---------------

Current thread (0x000002287e0bc800):  JavaThread "C2 CompilerThread0" daemon [_thread_in_native, id=4648, stack(0x000000a742900000,0x000000a742a00000)]

Stack: [0x000000a742900000,0x000000a742a00000]
Native frames: (J=compiled Java code, j=interpreted, Vv=VM code, C=native code)
V  [jvm.dll+0x33f6c9]


Current CompileTask:
C2: 365718 4286       4       java.util.concurrent.ConcurrentHashMap::get (162 bytes)


---------------  P R O C E S S  ---------------

Java Threads: ( => current thread )
  0x0000022804ef7000 JavaThread "DestroyJavaVM" [_thread_blocked, id=6940, stack(0x000000a741e00000,0x000000a741f00000)]
  0x0000022804ef5800 JavaThread "http-nio-8887-Acceptor" daemon [_thread_in_native, id=2224, stack(0x000000a743e00000,0x000000a743f00000)]
  0x0000022804ef4000 JavaThread "http-nio-8887-ClientPoller" daemon [_thread_in_native, id=7356, stack(0x000000a743d00000,0x000000a743e00000)]
  0x0000022804ef3000 JavaThread "http-nio-8887-exec-10" daemon [_thread_blocked, id=13176, stack(0x000000a743c00000,0x000000a743d00000)]
  0x0000022804ef4800 JavaThread "http-nio-8887-exec-9" daemon [_thread_blocked, id=13640, stack(0x000000a743b00000,0x000000a743c00000)]
  0x0000022804ef2800 JavaThread "http-nio-8887-exec-8" daemon [_thread_blocked, id=13740, stack(0x000000a743a00000,0x000000a743b00000)]
  0x0000022804ef8800 JavaThread "http-nio-8887-exec-7" daemon [_thread_blocked, id=8568, stack(0x000000a743900000,0x000000a743a00000)]
  0x0000022804ef6000 JavaThread "http-nio-8887-exec-6" daemon [_thread_blocked, id=13068, stack(0x000000a743800000,0x000000a743900000)]
  0x0000022804ef9000 JavaThread "http-nio-8887-exec-5" daemon [_thread_blocked, id=15444, stack(0x000000a743700000,0x000000a743800000)]
  0x000002287e5f9800 JavaThread "http-nio-8887-exec-4" daemon [_thread_blocked, id=12896, stack(0x000000a743600000,0x000000a743700000)]
  0x000002287e3b3000 JavaThread "http-nio-8887-exec-3" daemon [_thread_blocked, id=6188, stack(0x000000a743500000,0x000000a743600000)]
  0x000002287d07d800 JavaThread "http-nio-8887-exec-2" daemon [_thread_blocked, id=3680, stack(0x000000a743400000,0x000000a743500000)]
  0x000002287e86b000 JavaThread "http-nio-8887-exec-1" daemon [_thread_in_vm, id=4824, stack(0x000000a743300000,0x000000a743400000)]
  0x000002287e240800 JavaThread "http-nio-8887-BlockPoller" daemon [_thread_in_native, id=6516, stack(0x000000a743200000,0x000000a743300000)]
  0x0000022801774000 JavaThread "lettuce-timer-3-1" [_thread_blocked, id=13980, stack(0x000000a743100000,0x000000a743200000)]
  0x0000022801346800 JavaThread "container-0" [_thread_blocked, id=6388, stack(0x000000a743000000,0x000000a743100000)]
  0x0000022800bd3000 JavaThread "Catalina-utility-2" [_thread_blocked, id=7900, stack(0x000000a742f00000,0x000000a743000000)]
  0x0000022800bd2800 JavaThread "Catalina-utility-1" [_thread_blocked, id=16332, stack(0x000000a742e00000,0x000000a742f00000)]
  0x000002287e13f000 JavaThread "Service Thread" daemon [_thread_blocked, id=16352, stack(0x000000a742c00000,0x000000a742d00000)]
  0x000002287e123000 JavaThread "C1 CompilerThread2" daemon [_thread_blocked, id=14044, stack(0x000000a742b00000,0x000000a742c00000)]
  0x000002287e0c0800 JavaThread "C2 CompilerThread1" daemon [_thread_in_native, id=15352, stack(0x000000a742a00000,0x000000a742b00000)]
=>0x000002287e0bc800 JavaThread "C2 CompilerThread0" daemon [_thread_in_native, id=4648, stack(0x000000a742900000,0x000000a742a00000)]
  0x000002287e0bb000 JavaThread "Monitor Ctrl-Break" daemon [_thread_in_native, id=7028, stack(0x000000a742800000,0x000000a742900000)]
  0x000002287d012000 JavaThread "Attach Listener" daemon [_thread_blocked, id=8520, stack(0x000000a742700000,0x000000a742800000)]
  0x000002287d011800 JavaThread "Signal Dispatcher" daemon [_thread_blocked, id=12364, stack(0x000000a742600000,0x000000a742700000)]
  0x000002287cf84800 JavaThread "Finalizer" daemon [_thread_blocked, id=14580, stack(0x000000a742500000,0x000000a742600000)]
  0x000002287cf81000 JavaThread "Reference Handler" daemon [_thread_blocked, id=8660, stack(0x000000a742400000,0x000000a742500000)]

Other Threads:
  0x000002287cf52000 VMThread [stack: 0x000000a742300000,0x000000a742400000] [id=7248]
  0x000002287e1ca800 WatcherThread [stack: 0x000000a742d00000,0x000000a742e00000] [id=8176]

VM state:not at safepoint (normal execution)

VM Mutex/Monitor currently owned by a thread: None

OutOfMemory and StackOverflow Exception counts:
OutOfMemoryError java_heap_errors=4

heap address: 0x00000006c1800000, size: 4072 MB, Compressed Oops mode: Zero based, Oop shift amount: 3
Narrow klass base: 0x0000000000000000, Narrow klass shift: 3
Compressed class space size: 1073741824 Address: 0x00000007c0000000

Heap:
 PSYoungGen      total 138752K, used 79579K [0x000000076b300000, 0x0000000774680000, 0x00000007c0000000)
  eden space 127488K, 56% used [0x000000076b300000,0x000000076f951cf8,0x0000000772f80000)
  from space 11264K, 67% used [0x0000000773b80000,0x00000007742e5180,0x0000000774680000)
  to   space 11776K, 0% used [0x0000000772f80000,0x0000000772f80000,0x0000000773b00000)
 ParOldGen       total 175104K, used 12771K [0x00000006c1800000, 0x00000006cc300000, 0x000000076b300000)
  object space 175104K, 7% used [0x00000006c1800000,0x00000006c2478d30,0x00000006cc300000)
 Metaspace       used 47784K, capacity 50528K, committed 50648K, reserved 1095680K
  class space    used 6145K, capacity 6632K, committed 6656K, reserved 1048576K

Card table byte_map: [0x0000022872df0000,0x00000228735f0000] byte_map_base: 0x000002286f7e4000

Marking Bits: (ParMarkBitMap*) 0x00000000777f7fe0
 Begin Bits: [0x0000022873b40000, 0x0000022877ae0000)
 End Bits:   [0x0000022877ae0000, 0x000002287ba80000)

Polling page: 0x00000228620c0000

CodeCache: size=245760Kb used=13255Kb max_used=13663Kb free=232504Kb
 bounds [0x0000022863a30000, 0x00000228647f0000, 0x0000022872a30000]
 total_blobs=4293 nmethods=3804 adapters=401
 compilation: enabled

Compilation events (10 events):
Event: 365.696 Thread 0x000002287e123000 4281   !   3       com.sun.proxy.$Proxy13::attribute (29 bytes)
Event: 365.696 Thread 0x000002287e123000 nmethod 4281 0x000002286447c250 code [0x000002286447c3e0, 0x000002286447c820]
Event: 365.704 Thread 0x000002287e123000 4282       1       org.springframework.util.MimeType::getType (5 bytes)
Event: 365.704 Thread 0x000002287e123000 nmethod 4282 0x0000022863b44d10 code [0x0000022863b44e60, 0x0000022863b44f78]
Event: 365.708 Thread 0x000002287e0bc800 4283       4       org.springframework.core.BridgeMethodResolver::isVisibilityBridgeMethodPair (52 bytes)
Event: 365.710 Thread 0x000002287e123000 4284       3       java.util.concurrent.ConcurrentHashMap::comparableClassFor (105 bytes)
Event: 365.711 Thread 0x000002287e123000 nmethod 4284 0x0000022863c2d590 code [0x0000022863c2d7a0, 0x0000022863c2e390]
Event: 365.712 Thread 0x000002287e123000 4287       3       org.springframework.beans.factory.annotation.InitDestroyAnnotationBeanPostProcessor::buildLifecycleMetadata (161 bytes)
Event: 365.713 Thread 0x000002287e0bc800 nmethod 4283 0x00000228643e7450 code [0x00000228643e75c0, 0x00000228643e7888]
Event: 365.713 Thread 0x000002287e0bc800 4286       4       java.util.concurrent.ConcurrentHashMap::get (162 bytes)

GC Heap History (10 events):
Event: 5.009 GC heap before
{Heap before GC invocations=4 (full 1):
 PSYoungGen      total 76288K, used 65536K [0x000000076b300000, 0x0000000774800000, 0x00000007c0000000)
  eden space 65536K, 100% used [0x000000076b300000,0x000000076f300000,0x000000076f300000)
  from space 10752K, 0% used [0x000000076fd80000,0x000000076fd80000,0x0000000770800000)
  to   space 10752K, 0% used [0x000000076f300000,0x000000076f300000,0x000000076fd80000)
 ParOldGen       total 115200K, used 10388K [0x00000006c1800000, 0x00000006c8880000, 0x000000076b300000)
  object space 115200K, 9% used [0x00000006c1800000,0x00000006c22251e0,0x00000006c8880000)
 Metaspace       used 24772K, capacity 26094K, committed 26240K, reserved 1073152K
  class space    used 3151K, capacity 3429K, committed 3456K, reserved 1048576K
Event: 5.018 GC heap after
Heap after GC invocations=4 (full 1):
 PSYoungGen      total 76288K, used 7746K [0x000000076b300000, 0x0000000771f00000, 0x00000007c0000000)
  eden space 65536K, 0% used [0x000000076b300000,0x000000076b300000,0x000000076f300000)
  from space 10752K, 72% used [0x000000076f300000,0x000000076fa90aa0,0x000000076fd80000)
  to   space 10752K, 0% used [0x0000000771480000,0x0000000771480000,0x0000000771f00000)
 ParOldGen       total 115200K, used 10396K [0x00000006c1800000, 0x00000006c8880000, 0x000000076b300000)
  object space 115200K, 9% used [0x00000006c1800000,0x00000006c22271e0,0x00000006c8880000)
 Metaspace       used 24772K, capacity 26094K, committed 26240K, reserved 1073152K
  class space    used 3151K, capacity 3429K, committed 3456K, reserved 1048576K
}
Event: 6.655 GC heap before
{Heap before GC invocations=5 (full 1):
 PSYoungGen      total 76288K, used 73282K [0x000000076b300000, 0x0000000771f00000, 0x00000007c0000000)
  eden space 65536K, 100% used [0x000000076b300000,0x000000076f300000,0x000000076f300000)
  from space 10752K, 72% used [0x000000076f300000,0x000000076fa90aa0,0x000000076fd80000)
  to   space 10752K, 0% used [0x0000000771480000,0x0000000771480000,0x0000000771f00000)
 ParOldGen       total 115200K, used 10396K [0x00000006c1800000, 0x00000006c8880000, 0x000000076b300000)
  object space 115200K, 9% used [0x00000006c1800000,0x00000006c22271e0,0x00000006c8880000)
 Metaspace       used 30771K, capacity 32560K, committed 32768K, reserved 1077248K
  class space    used 4029K, capacity 4340K, committed 4352K, reserved 1048576K
Event: 6.668 GC heap after
Heap after GC invocations=5 (full 1):
 PSYoungGen      total 98816K, used 9744K [0x000000076b300000, 0x0000000771e80000, 0x00000007c0000000)
  eden space 88576K, 0% used [0x000000076b300000,0x000000076b300000,0x0000000770980000)
  from space 10240K, 95% used [0x0000000771480000,0x0000000771e04330,0x0000000771e80000)
  to   space 10752K, 0% used [0x0000000770980000,0x0000000770980000,0x0000000771400000)
 ParOldGen       total 115200K, used 10404K [0x00000006c1800000, 0x00000006c8880000, 0x000000076b300000)
  object space 115200K, 9% used [0x00000006c1800000,0x00000006c22291e0,0x00000006c8880000)
 Metaspace       used 30771K, capacity 32560K, committed 32768K, reserved 1077248K
  class space    used 4029K, capacity 4340K, committed 4352K, reserved 1048576K
}
Event: 7.216 GC heap before
{Heap before GC invocations=6 (full 1):
 PSYoungGen      total 98816K, used 42583K [0x000000076b300000, 0x0000000771e80000, 0x00000007c0000000)
  eden space 88576K, 37% used [0x000000076b300000,0x000000076d311bc8,0x0000000770980000)
  from space 10240K, 95% used [0x0000000771480000,0x0000000771e04330,0x0000000771e80000)
  to   space 10752K, 0% used [0x0000000770980000,0x0000000770980000,0x0000000771400000)
 ParOldGen       total 115200K, used 10404K [0x00000006c1800000, 0x00000006c8880000, 0x000000076b300000)
  object space 115200K, 9% used [0x00000006c1800000,0x00000006c22291e0,0x00000006c8880000)
 Metaspace       used 33411K, capacity 35300K, committed 35416K, reserved 1079296K
  class space    used 4308K, capacity 4648K, committed 4736K, reserved 1048576K
Event: 7.230 GC heap after
Heap after GC invocations=6 (full 1):
 PSYoungGen      total 99328K, used 7801K [0x000000076b300000, 0x0000000774700000, 0x00000007c0000000)
  eden space 88576K, 0% used [0x000000076b300000,0x000000076b300000,0x0000000770980000)
  from space 10752K, 72% used [0x0000000770980000,0x000000077111e6c0,0x0000000771400000)
  to   space 11776K, 0% used [0x0000000773b80000,0x0000000773b80000,0x0000000774700000)
 ParOldGen       total 115200K, used 10412K [0x00000006c1800000, 0x00000006c8880000, 0x000000076b300000)
  object space 115200K, 9% used [0x00000006c1800000,0x00000006c222b1e0,0x00000006c8880000)
 Metaspace       used 33411K, capacity 35300K, committed 35416K, reserved 1079296K
  class space    used 4308K, capacity 4648K, committed 4736K, reserved 1048576K
}
Event: 7.230 GC heap before
{Heap before GC invocations=7 (full 2):
 PSYoungGen      total 99328K, used 7801K [0x000000076b300000, 0x0000000774700000, 0x00000007c0000000)
  eden space 88576K, 0% used [0x000000076b300000,0x000000076b300000,0x0000000770980000)
  from space 10752K, 72% used [0x0000000770980000,0x000000077111e6c0,0x0000000771400000)
  to   space 11776K, 0% used [0x0000000773b80000,0x0000000773b80000,0x0000000774700000)
 ParOldGen       total 115200K, used 10412K [0x00000006c1800000, 0x00000006c8880000, 0x000000076b300000)
  object space 115200K, 9% used [0x00000006c1800000,0x00000006c222b1e0,0x00000006c8880000)
 Metaspace       used 33411K, capacity 35300K, committed 35416K, reserved 1079296K
  class space    used 4308K, capacity 4648K, committed 4736K, reserved 1048576K
Event: 7.291 GC heap after
Heap after GC invocations=7 (full 2):
 PSYoungGen      total 99328K, used 0K [0x000000076b300000, 0x0000000774700000, 0x00000007c0000000)
  eden space 88576K, 0% used [0x000000076b300000,0x000000076b300000,0x0000000770980000)
  from space 10752K, 0% used [0x0000000770980000,0x0000000770980000,0x0000000771400000)
  to   space 11776K, 0% used [0x0000000773b80000,0x0000000773b80000,0x0000000774700000)
 ParOldGen       total 175104K, used 12699K [0x00000006c1800000, 0x00000006cc300000, 0x000000076b300000)
  object space 175104K, 7% used [0x00000006c1800000,0x00000006c2466d20,0x00000006cc300000)
 Metaspace       used 33411K, capacity 35300K, committed 35416K, reserved 1079296K
  class space    used 4308K, capacity 4648K, committed 4736K, reserved 1048576K
}
Event: 8.336 GC heap before
{Heap before GC invocations=8 (full 2):
 PSYoungGen      total 99328K, used 88576K [0x000000076b300000, 0x0000000774700000, 0x00000007c0000000)
  eden space 88576K, 100% used [0x000000076b300000,0x0000000770980000,0x0000000770980000)
  from space 10752K, 0% used [0x0000000770980000,0x0000000770980000,0x0000000771400000)
  to   space 11776K, 0% used [0x0000000773b80000,0x0000000773b80000,0x0000000774700000)
 ParOldGen       total 175104K, used 12699K [0x00000006c1800000, 0x00000006cc300000, 0x000000076b300000)
  object space 175104K, 7% used [0x00000006c1800000,0x00000006c2466d20,0x00000006cc300000)
 Metaspace       used 40903K, capacity 43164K, committed 43352K, reserved 1087488K
  class space    used 5329K, capacity 5742K, committed 5760K, reserved 1048576K
Event: 8.346 GC heap after
Heap after GC invocations=8 (full 2):
 PSYoungGen      total 138752K, used 7572K [0x000000076b300000, 0x0000000774680000, 0x00000007c0000000)
  eden space 127488K, 0% used [0x000000076b300000,0x000000076b300000,0x0000000772f80000)
  from space 11264K, 67% used [0x0000000773b80000,0x00000007742e5180,0x0000000774680000)
  to   space 11776K, 0% used [0x0000000772f80000,0x0000000772f80000,0x0000000773b00000)
 ParOldGen       total 175104K, used 12771K [0x00000006c1800000, 0x00000006cc300000, 0x000000076b300000)
  object space 175104K, 7% used [0x00000006c1800000,0x00000006c2478d30,0x00000006cc300000)
 Metaspace       used 40903K, capacity 43164K, committed 43352K, reserved 1087488K
  class space    used 5329K, capacity 5742K, committed 5760K, reserved 1048576K
}

Deoptimization events (10 events):
Event: 8.382 Thread 0x000002286217e800 Uncommon trap: reason=unstable_if action=reinterpret pc=0x0000022864332150 method=java.util.concurrent.ConcurrentHashMap.putVal(Ljava/lang/Object;Ljava/lang/Object;Z)Ljava/lang/Object; @ 331
Event: 8.383 Thread 0x000002286217e800 Uncommon trap: reason=unstable_if action=reinterpret pc=0x000002286458b0f4 method=java.util.concurrent.ConcurrentHashMap.get(Ljava/lang/Object;)Ljava/lang/Object; @ 86
Event: 8.592 Thread 0x000002286217e800 Uncommon trap: reason=unstable_if action=reinterpret pc=0x0000022864179b78 method=java.util.concurrent.ConcurrentHashMap.transfer([Ljava/util/concurrent/ConcurrentHashMap$Node;[Ljava/util/concurrent/ConcurrentHashMap$Node;)V @ 356
Event: 8.593 Thread 0x000002286217e800 Uncommon trap: reason=unstable_if action=reinterpret pc=0x0000022863f3152c method=java.util.concurrent.ConcurrentHashMap.transfer([Ljava/util/concurrent/ConcurrentHashMap$Node;[Ljava/util/concurrent/ConcurrentHashMap$Node;)V @ 356
Event: 8.594 Thread 0x000002286217e800 Uncommon trap: reason=unstable_if action=reinterpret pc=0x00000228641784a8 method=java.util.concurrent.ConcurrentHashMap.transfer([Ljava/util/concurrent/ConcurrentHashMap$Node;[Ljava/util/concurrent/ConcurrentHashMap$Node;)V @ 356
Event: 8.752 Thread 0x000002286217e800 Uncommon trap: reason=unstable_if action=reinterpret pc=0x000002286406ee64 method=org.springframework.boot.context.properties.source.ConfigurationPropertyName.getElement(ILorg/springframework/boot/context/properties/source/ConfigurationPropertyName$Form;)
Event: 8.831 Thread 0x000002286217e800 Uncommon trap: reason=unstable_if action=reinterpret pc=0x00000228641e9658 method=org.springframework.beans.factory.support.AbstractAutowireCapableBeanFactory.determineTargetType(Ljava/lang/String;Lorg/springframework/beans/factory/support/RootBeanDefinit
Event: 9.022 Thread 0x000002286217e800 Uncommon trap: reason=unstable_if action=reinterpret pc=0x000002286468c4d8 method=org.springframework.util.ConcurrentReferenceHashMap$Segment.clear()V @ 7
Event: 365.636 Thread 0x000002287e86b000 Uncommon trap: reason=null_check action=make_not_entrant pc=0x0000022864097c64 method=java.util.AbstractCollection.toArray([Ljava/lang/Object;)[Ljava/lang/Object; @ 119
Event: 365.654 Thread 0x000002287e86b000 Uncommon trap: reason=unstable_if action=reinterpret pc=0x0000022864441050 method=java.util.Properties.load0(Ljava/util/Properties$LineReader;)V @ 56

Classes redefined (0 events):
No events

Internal exceptions (10 events):
Event: 8.889 Thread 0x000002286217e800 Exception <a 'java/lang/ClassNotFoundException': org/springframework/beans/factory/DisposableBeanCustomizer> (0x000000076d6c6200) thrown at [C:\jenkins\workspace\8-2-build-windows-amd64-cygwin\jdk8u271\605\hotspot\src\share\vm\classfile\systemDictionary.c
Event: 365.573 Thread 0x000002287e86b000 Exception <a 'java/lang/OutOfMemoryError'> (0x000000076f2f2c38) thrown at [C:\jenkins\workspace\8-2-build-windows-amd64-cygwin\jdk8u271\605\hotspot\src\share\vm\prims\jni.cpp, line 737]
Event: 365.573 Thread 0x000002287e86b000 Exception <a 'java/lang/OutOfMemoryError'> (0x000000076f2f2c38) thrown at [C:\jenkins\workspace\8-2-build-windows-amd64-cygwin\jdk8u271\605\hotspot\src\share\vm\prims\jvm.cpp, line 1516]
Event: 365.573 Thread 0x000002287e86b000 Exception <a 'java/lang/OutOfMemoryError'> (0x000000076f2f2c38) thrown at [C:\jenkins\workspace\8-2-build-windows-amd64-cygwin\jdk8u271\605\hotspot\src\share\vm\oops\instanceKlass.cpp, line 959]
Event: 365.573 Thread 0x000002287e86b000 Exception <a 'java/lang/OutOfMemoryError'> (0x000000076f2f2c38) thrown at [C:\jenkins\workspace\8-2-build-windows-amd64-cygwin\jdk8u271\605\hotspot\src\share\vm\oops\instanceKlass.cpp, line 915]
Event: 365.636 Thread 0x000002287e86b000 Implicit null exception at 0x0000022864097b41 to 0x0000022864097c59
Event: 365.657 Thread 0x000002287e86b000 Exception <a 'java/lang/NoClassDefFoundError': Could not initialize class com.mysql.cj.jdbc.Driver> (0x000000076f4c4440) thrown at [C:\jenkins\workspace\8-2-build-windows-amd64-cygwin\jdk8u271\605\hotspot\src\share\vm\oops\instanceKlass.cpp, line 879]
Event: 365.667 Thread 0x000002287e86b000 Exception <a 'java/lang/reflect/InvocationTargetException'> (0x000000076f5b4e40) thrown at [C:\jenkins\workspace\8-2-build-windows-amd64-cygwin\jdk8u271\605\hotspot\src\share\vm\runtime\reflection.cpp, line 1092]
Event: 365.668 Thread 0x000002287e86b000 Exception <a 'java/lang/reflect/InvocationTargetException'> (0x000000076f5c0120) thrown at [C:\jenkins\workspace\8-2-build-windows-amd64-cygwin\jdk8u271\605\hotspot\src\share\vm\runtime\reflection.cpp, line 1092]
Event: 365.668 Thread 0x000002287e86b000 Exception <a 'java/lang/reflect/InvocationTargetException'> (0x000000076f5c0700) thrown at [C:\jenkins\workspace\8-2-build-windows-amd64-cygwin\jdk8u271\605\hotspot\src\share\vm\runtime\reflection.cpp, line 1092]

Events (10 events):
Event: 365.711 Thread 0x000002287e123000 flushing nmethod 0x0000022863d1dad0
Event: 365.712 loading class org/springframework/web/servlet/view/AbstractView
Event: 365.712 loading class org/springframework/web/servlet/view/AbstractView done
Event: 365.713 Thread 0x000002287e0bc800 flushing nmethod 0x0000022863d45890
Event: 365.713 Thread 0x000002287e0bc800 flushing nmethod 0x0000022863d68f10
Event: 365.713 Thread 0x000002287e0bc800 flushing nmethod 0x0000022863d6d850
Event: 365.714 loading class javax/servlet/jsp/jstl/core/Config
Event: 365.714 loading class javax/servlet/jsp/jstl/core/Config done
Event: 365.714 loading class javax/servlet/jsp/jstl/core$Config
Event: 365.714 loading class javax/servlet/jsp/jstl/core$Config done


Dynamic libraries:
0x00007ff7c8040000 - 0x00007ff7c8087000 	C:\Program Files\Java\jdk1.8.0_271\bin\java.exe
0x00007ffae4cc0000 - 0x00007ffae4eb0000 	C:\Windows\SYSTEM32\ntdll.dll
0x00007ffae4b10000 - 0x00007ffae4bc2000 	C:\Windows\System32\KERNEL32.DLL
0x00007ffae2910000 - 0x00007ffae2bb5000 	C:\Windows\System32\KERNELBASE.dll
0x00007ffae4bd0000 - 0x00007ffae4c73000 	C:\Windows\System32\ADVAPI32.dll
0x00007ffae4510000 - 0x00007ffae45ae000 	C:\Windows\System32\msvcrt.dll
0x00007ffae4830000 - 0x00007ffae48c7000 	C:\Windows\System32\sechost.dll
0x00007ffae2d70000 - 0x00007ffae2e8f000 	C:\Windows\System32\RPCRT4.dll
0x00007ffae3640000 - 0x00007ffae37d4000 	C:\Windows\System32\USER32.dll
0x00007ffae2be0000 - 0x00007ffae2c01000 	C:\Windows\System32\win32u.dll
0x00007ffae3610000 - 0x00007ffae3636000 	C:\Windows\System32\GDI32.dll
0x00007ffae2570000 - 0x00007ffae2708000 	C:\Windows\System32\gdi32full.dll
0x00007ffae2710000 - 0x00007ffae27ae000 	C:\Windows\System32\msvcp_win.dll
0x00007ffae2470000 - 0x00007ffae256a000 	C:\Windows\System32\ucrtbase.dll
0x00007ffae0ff0000 - 0x00007ffae1274000 	C:\Windows\WinSxS\amd64_microsoft.windows.common-controls_6595b64144ccf1df_6.0.18362.1440_none_9e7dbfb9e45e8e67\COMCTL32.dll
0x00007ffae3f80000 - 0x00007ffae42b6000 	C:\Windows\System32\combase.dll
0x00007ffae23b0000 - 0x00007ffae2431000 	C:\Windows\System32\bcryptPrimitives.dll
0x00007ffae4a30000 - 0x00007ffae4a5e000 	C:\Windows\System32\IMM32.DLL
0x00007ffadac80000 - 0x00007ffadac95000 	C:\Program Files\Java\jdk1.8.0_271\jre\bin\vcruntime140.dll
0x00007ffadabe0000 - 0x00007ffadac7b000 	C:\Program Files\Java\jdk1.8.0_271\jre\bin\msvcp140.dll
0x0000000077000000 - 0x000000007786f000 	C:\Program Files\Java\jdk1.8.0_271\jre\bin\server\jvm.dll
0x00007ffae3d00000 - 0x00007ffae3d08000 	C:\Windows\System32\PSAPI.DLL
0x00007ffada6d0000 - 0x00007ffada6d9000 	C:\Windows\SYSTEM32\WSOCK32.dll
0x00007ffae4390000 - 0x00007ffae43ff000 	C:\Windows\System32\WS2_32.dll
0x00007ffadf520000 - 0x00007ffadf544000 	C:\Windows\SYSTEM32\WINMM.dll
0x00007ffad8aa0000 - 0x00007ffad8aaa000 	C:\Windows\SYSTEM32\VERSION.dll
0x00007ffadf0a0000 - 0x00007ffadf0cd000 	C:\Windows\SYSTEM32\WINMMBASE.dll
0x00007ffae2c70000 - 0x00007ffae2cba000 	C:\Windows\System32\cfgmgr32.dll
0x00007ffae1b80000 - 0x00007ffae1b91000 	C:\Windows\System32\kernel.appcore.dll
0x00007ffadad40000 - 0x00007ffadad50000 	C:\Program Files\Java\jdk1.8.0_271\jre\bin\verify.dll
0x00007ffada950000 - 0x00007ffada97b000 	C:\Program Files\Java\jdk1.8.0_271\jre\bin\java.dll
0x00007ffad3980000 - 0x00007ffad39b0000 	C:\Program Files\Java\jdk1.8.0_271\jre\bin\instrument.dll
0x00007ffada930000 - 0x00007ffada948000 	C:\Program Files\Java\jdk1.8.0_271\jre\bin\zip.dll
0x00007ffae2f20000 - 0x00007ffae3608000 	C:\Windows\System32\SHELL32.dll
0x00007ffae4a60000 - 0x00007ffae4b07000 	C:\Windows\System32\shcore.dll
0x00007ffae1c30000 - 0x00007ffae23ab000 	C:\Windows\System32\windows.storage.dll
0x00007ffae1ba0000 - 0x00007ffae1bbe000 	C:\Windows\System32\profapi.dll
0x00007ffae1bc0000 - 0x00007ffae1c0a000 	C:\Windows\System32\powrprof.dll
0x00007ffae1b70000 - 0x00007ffae1b80000 	C:\Windows\System32\UMPDC.dll
0x00007ffae4620000 - 0x00007ffae4672000 	C:\Windows\System32\shlwapi.dll
0x00007ffae2bc0000 - 0x00007ffae2bd7000 	C:\Windows\System32\cryptsp.dll
0x00007ffad3d60000 - 0x00007ffad3d7a000 	E:\IntelliJ IDEA 2019.3.5\bin\breakgen64.dll
0x00007ffada910000 - 0x00007ffada92c000 	C:\Program Files\Java\jdk1.8.0_271\jre\bin\net.dll
0x00007ffae0e30000 - 0x00007ffae0e97000 	C:\Windows\system32\mswsock.dll
0x00007ffadbda0000 - 0x00007ffadbdad000 	C:\Program Files\Java\jdk1.8.0_271\jre\bin\management.dll
0x00007ffac83e0000 - 0x00007ffac83f6000 	C:\Windows\system32\napinsp.dll
0x00007ffac83c0000 - 0x00007ffac83da000 	C:\Windows\system32\pnrpnsp.dll
0x00007ffac83a0000 - 0x00007ffac83b5000 	C:\Windows\system32\wshbth.dll
0x00007ffaddc80000 - 0x00007ffaddc9c000 	C:\Windows\system32\NLAapi.dll
0x00007ffae09e0000 - 0x00007ffae0a1a000 	C:\Windows\SYSTEM32\IPHLPAPI.DLL
0x00007ffae0a20000 - 0x00007ffae0aeb000 	C:\Windows\SYSTEM32\DNSAPI.dll
0x00007ffae2f10000 - 0x00007ffae2f18000 	C:\Windows\System32\NSI.dll
0x00007ffac8390000 - 0x00007ffac839e000 	C:\Windows\System32\winrnr.dll
0x00007ffad0200000 - 0x00007ffad020a000 	C:\Windows\System32\rasadhlp.dll
0x00007ffad4b80000 - 0x00007ffad4bf7000 	C:\Windows\System32\fwpuclnt.dll
0x00007ffae2440000 - 0x00007ffae2466000 	C:\Windows\System32\bcrypt.dll
0x00007ffada710000 - 0x00007ffada723000 	C:\Program Files\Java\jdk1.8.0_271\jre\bin\nio.dll
0x00007ffae0850000 - 0x00007ffae0883000 	C:\Windows\system32\rsaenh.dll
0x00007ffae1a50000 - 0x00007ffae1a75000 	C:\Windows\SYSTEM32\USERENV.dll
0x00007ffae0f10000 - 0x00007ffae0f1c000 	C:\Windows\SYSTEM32\CRYPTBASE.dll
0x00007ffad8870000 - 0x00007ffad8886000 	C:\Windows\SYSTEM32\dhcpcsvc6.DLL
0x00007ffad53a0000 - 0x00007ffad53bc000 	C:\Windows\SYSTEM32\dhcpcsvc.DLL

VM Arguments:
jvm_args: -javaagent:E:\IntelliJ IDEA 2019.3.5\lib\idea_rt.jar=60426:E:\IntelliJ IDEA 2019.3.5\bin -Dfile.encoding=UTF-8 
java_command: com.imnoob.community.CommunityApplication
java_class_path (initial): C:\Program Files\Java\jdk1.8.0_271\jre\lib\charsets.jar;C:\Program Files\Java\jdk1.8.0_271\jre\lib\deploy.jar;C:\Program Files\Java\jdk1.8.0_271\jre\lib\ext\access-bridge-64.jar;C:\Program Files\Java\jdk1.8.0_271\jre\lib\ext\cldrdata.jar;C:\Program Files\Java\jdk1.8.0_271\jre\lib\ext\dnsns.jar;C:\Program Files\Java\jdk1.8.0_271\jre\lib\ext\jaccess.jar;C:\Program Files\Java\jdk1.8.0_271\jre\lib\ext\jfxrt.jar;C:\Program Files\Java\jdk1.8.0_271\jre\lib\ext\localedata.jar;C:\Program Files\Java\jdk1.8.0_271\jre\lib\ext\nashorn.jar;C:\Program Files\Java\jdk1.8.0_271\jre\lib\ext\sunec.jar;C:\Program Files\Java\jdk1.8.0_271\jre\lib\ext\sunjce_provider.jar;C:\Program Files\Java\jdk1.8.0_271\jre\lib\ext\sunmscapi.jar;C:\Program Files\Java\jdk1.8.0_271\jre\lib\ext\sunpkcs11.jar;C:\Program Files\Java\jdk1.8.0_271\jre\lib\ext\zipfs.jar;C:\Program Files\Java\jdk1.8.0_271\jre\lib\javaws.jar;C:\Program Files\Java\jdk1.8.0_271\jre\lib\jce.jar;C:\Program Files\Java\jdk1.8.0_271\jre\lib\jfr.jar;C:\Program Files\Java\jdk1.8.0_271\jre\lib\jfxswt.jar;C:\Program Files\Java\jdk1.8.0_271\jre\lib\jsse.jar;C:\Program Files\Java\jdk1.8.0_271\jre\lib\management-agent.jar;C:\Program Files\Java\jdk1.8.0_271\jre\lib\plugin.jar;C:\Program Files\Java\jdk1.8.0_271\jre\lib\resources.jar;C:\Program Files\Java\jdk1.8.0_271\jre\lib\rt.jar;G:\workspace\community\target\classes;F:\Maven\apache-maven-3.6.3-bin\repo\org\springframework\boot\spring-boot-starter-thymeleaf\2.4.4\spring-boot-starter-thymeleaf-2.4.4.jar;F:\Maven\apache-maven-3.6.3-bin\repo\org\springframework\boot\spring-boot-starter\2.4.4\spring-boot-starter-2.4.4.jar;F:\Maven\apache-maven-3.6.3-bin\repo\org\springframework\boot\spring-boot\2.4.4\spring-boot-2.4.4.jar;F:\Maven\apache-maven-3.6.3-bin\repo\org\springframework\boot\spring-boot-autoconfigure\2.4.4\spring-boot-autoconfigure-2.4.4.jar;F:\Maven\apache-maven-3.6.3-bin\repo\org\springframework\boot\spring-boot-starter-logging\2.4.4\spring-boot-starter-logging
Launcher Type: SUN_STANDARD

Environment Variables:
JAVA_HOME=C:\Program Files\Java\jdk1.8.0_271
CLASSPATH=.;C:\Program Files\Java\jdk1.8.0_271\lib\dt.jar;C:\Program Files\Java\jdk1.8.0_271\lib\tools.jar;
PATH=F:\VMware\bin\;C:\Program Files (x86)\Common Files\Oracle\Java\javapath;F:\xftp\;F:\xshell\;C:\Windows\system32;C:\Windows;C:\Windows\System32\Wbem;C:\Windows\System32\WindowsPowerShell\v1.0\;C:\Windows\System32\OpenSSH\;C:\Program Files (x86)\NVIDIA Corporation\PhysX\Common;C:\Program Files\NVIDIA Corporation\NVIDIA NvDLISR;C:\Program Files\Java\jdk1.8.0_271\bin;C:\Program Files\Java\jdk1.8.0_271\jre\bin;F:\Maven\apache-maven-3.6.3-bin\apache-maven-3.6.3\bin;F:\Git\cmd;E:\Pythond;D:\mysql-8.0.21-winx64\bin;C:\Program Files\dotnet\;F:\erlang\erl10.6\bin;F:\RabbitMQ\rabbitmq_server-3.7.7\sbin;C:\Users\noob\AppData\Local\Microsoft\WindowsApps;
USERNAME=noob
OS=Windows_NT
PROCESSOR_IDENTIFIER=Intel64 Family 6 Model 142 Stepping 9, GenuineIntel



---------------  S Y S T E M  ---------------

OS: Windows 10.0 , 64 bit Build 18362 (10.0.18362.1350)

CPU:total 4 (initial active 4) (2 cores per cpu, 2 threads per core) family 6 model 142 stepping 9, cmov, cx8, fxsr, mmx, sse, sse2, sse3, ssse3, sse4.1, sse4.2, popcnt, avx, avx2, aes, clmul, erms, 3dnowpref, lzcnt, ht, tsc, tscinvbit, bmi1, bmi2, adx

Memory: 4k page, physical 16674956k(3403676k free), swap 27012824k(192k free)

vm_info: Java HotSpot(TM) 64-Bit Server VM (25.271-b09) for windows-amd64 JRE (1.8.0_271-b09), built on Sep 16 2020 19:14:59 by "" with MS VC++ 15.9 (VS2017)

time: Mon Apr 12 16:40:58 2021
timezone: ?D1¨²¡À¨º¡Á?¨º¡À??
elapsed time: 365.727539 seconds (0d 0h 6m 5s)

