#
# There is insufficient memory for the Java Runtime Environment to continue.
# Native memory allocation (malloc) failed to allocate 1035776 bytes for Chunk::new
# Possible reasons:
#   The system is out of physical RAM or swap space
#   The process is running with CompressedOops enabled, and the Java Heap may be blocking the growth of the native heap
# Possible solutions:
#   Reduce memory load on the system
#   Increase physical memory or swap space
#   Check if swap backing store is full
#   Decrease Java heap size (-Xmx/-Xms)
#   Decrease number of Java threads
#   Decrease Java thread stack sizes (-Xss)
#   Set larger code cache with -XX:ReservedCodeCacheSize=
#   JVM is running with Zero Based Compressed Oops mode in which the Java heap is
#     placed in the first 32GB address space. The Java Heap base address is the
#     maximum limit for the native heap growth. Please use -XX:HeapBaseMinAddress
#     to set the Java Heap base and to place the Java Heap above 32GB virtual address.
# This output file may be truncated or incomplete.
#
#  Out of Memory Error (allocation.cpp:389), pid=12284, tid=0x0000000000001fe8
#
# JRE version: Java(TM) SE Runtime Environment (8.0_271-b09) (build 1.8.0_271-b09)
# Java VM: Java HotSpot(TM) 64-Bit Server VM (25.271-b09 mixed mode windows-amd64 compressed oops)
# Failed to write core dump. Minidumps are not enabled by default on client versions of Windows
#

---------------  T H R E A D  ---------------

Current thread (0x00000236e6389800):  JavaThread "C2 CompilerThread1" daemon [_thread_in_native, id=8168, stack(0x000000bc16300000,0x000000bc16400000)]

Stack: [0x000000bc16300000,0x000000bc16400000]
Native frames: (J=compiled Java code, j=interpreted, Vv=VM code, C=native code)
V  [jvm.dll+0x33f6c9]
V  [jvm.dll+0x286122]
V  [jvm.dll+0x286dcd]
V  [jvm.dll+0x27d805]
V  [jvm.dll+0xe574c]
V  [jvm.dll+0xe5f4c]
V  [jvm.dll+0x462b72]
V  [jvm.dll+0x49df9d]
V  [jvm.dll+0x45251f]
V  [jvm.dll+0x44feb4]
V  [jvm.dll+0x43aef7]
V  [jvm.dll+0xbc3eb]
V  [jvm.dll+0xbaa4b]
V  [jvm.dll+0x24e7c2]
V  [jvm.dll+0x2a2dcc]
C  [ucrtbase.dll+0x210b2]
C  [KERNEL32.DLL+0x17c24]
C  [ntdll.dll+0x6d721]


Current CompileTask:
C2: 139328 5408   !   4       org.springframework.core.annotation.AnnotationsScanner::processMethodHierarchy (276 bytes)


---------------  P R O C E S S  ---------------

Java Threads: ( => current thread )
  0x00000236eb132800 JavaThread "lettuce-eventExecutorLoop-1-3" daemon [_thread_blocked, id=8292, stack(0x000000bc18700000,0x000000bc18800000)]
  0x00000236eb135000 JavaThread "lettuce-eventExecutorLoop-1-2" daemon [_thread_blocked, id=2044, stack(0x000000bc18600000,0x000000bc18700000)]
  0x00000236eb129000 JavaThread "lettuce-eventExecutorLoop-1-1" daemon [_thread_blocked, id=14612, stack(0x000000bc18500000,0x000000bc18600000)]
  0x00000236eb12f800 JavaThread "lettuce-nioEventLoop-4-1" daemon [_thread_in_native, id=4128, stack(0x000000bc18400000,0x000000bc18500000)]
  0x00000236eb128000 JavaThread "OkHttp api.github.com Writer" [_thread_blocked, id=9756, stack(0x000000bc18300000,0x000000bc18400000)]
  0x00000236eb12f000 JavaThread "OkHttp ConnectionPool" daemon [_thread_blocked, id=15084, stack(0x000000bc18200000,0x000000bc18300000)]
  0x00000236eb127800 JavaThread "OkHttp api.github.com" daemon [_thread_in_native, id=6272, stack(0x000000bc18100000,0x000000bc18200000)]
  0x00000236eb12e000 JavaThread "OkHttp Http2Connection" daemon [_thread_blocked, id=9904, stack(0x000000bc18000000,0x000000bc18100000)]
  0x00000236eb12a800 JavaThread "OkHttp github.com Writer" [_thread_blocked, id=7276, stack(0x000000bc17f00000,0x000000bc18000000)]
  0x00000236eb12d800 JavaThread "Okio Watchdog" daemon [_thread_blocked, id=3704, stack(0x000000bc17e00000,0x000000bc17f00000)]
  0x00000236eb12c800 JavaThread "OkHttp ConnectionPool" daemon [_thread_blocked, id=8568, stack(0x000000bc17d00000,0x000000bc17e00000)]
  0x00000236eb129800 JavaThread "OkHttp github.com" daemon [_thread_in_native, id=1836, stack(0x000000bc17a00000,0x000000bc17b00000)]
  0x00000236eb12b000 JavaThread "Druid-ConnectionPool-Destroy-129466817" daemon [_thread_blocked, id=3120, stack(0x000000bc16700000,0x000000bc16800000)]
  0x00000236eb12c000 JavaThread "Druid-ConnectionPool-Create-129466817" daemon [_thread_blocked, id=13740, stack(0x000000bc15600000,0x000000bc15700000)]
  0x00000236e95fb800 JavaThread "mysql-cj-abandoned-connection-cleanup" daemon [_thread_blocked, id=9040, stack(0x000000bc15500000,0x000000bc15600000)]
  0x00000236e9602800 JavaThread "DestroyJavaVM" [_thread_blocked, id=8272, stack(0x000000bc15700000,0x000000bc15800000)]
  0x00000236e9601800 JavaThread "http-nio-8887-Acceptor" daemon [_thread_in_native, id=768, stack(0x000000bc17800000,0x000000bc17900000)]
  0x00000236e9601000 JavaThread "http-nio-8887-ClientPoller" daemon [_thread_in_native, id=8584, stack(0x000000bc17700000,0x000000bc17800000)]
  0x00000236e95fe800 JavaThread "http-nio-8887-exec-10" daemon [_thread_blocked, id=9060, stack(0x000000bc17600000,0x000000bc17700000)]
  0x00000236e95fd000 JavaThread "http-nio-8887-exec-9" daemon [_thread_blocked, id=14276, stack(0x000000bc17500000,0x000000bc17600000)]
  0x00000236e95fe000 JavaThread "http-nio-8887-exec-8" daemon [_thread_in_vm, id=5244, stack(0x000000bc17400000,0x000000bc17500000)]
  0x00000236e95fc800 JavaThread "http-nio-8887-exec-7" daemon [_thread_blocked, id=10180, stack(0x000000bc17300000,0x000000bc17400000)]
  0x00000236e95ff800 JavaThread "http-nio-8887-exec-6" daemon [_thread_blocked, id=3608, stack(0x000000bc17200000,0x000000bc17300000)]
  0x00000236e9600000 JavaThread "http-nio-8887-exec-5" daemon [_thread_blocked, id=9076, stack(0x000000bc17100000,0x000000bc17200000)]
  0x00000236eaccd000 JavaThread "http-nio-8887-exec-4" daemon [_thread_blocked, id=7696, stack(0x000000bc17000000,0x000000bc17100000)]
  0x00000236eac3d000 JavaThread "http-nio-8887-exec-3" daemon [_thread_blocked, id=3096, stack(0x000000bc16f00000,0x000000bc17000000)]
  0x00000236e7406000 JavaThread "http-nio-8887-exec-2" daemon [_thread_blocked, id=14636, stack(0x000000bc16e00000,0x000000bc16f00000)]
  0x00000236eb744800 JavaThread "http-nio-8887-exec-1" daemon [_thread_blocked, id=3676, stack(0x000000bc16d00000,0x000000bc16e00000)]
  0x00000236e9be3800 JavaThread "http-nio-8887-BlockPoller" daemon [_thread_in_native, id=14396, stack(0x000000bc16c00000,0x000000bc16d00000)]
  0x00000236eac56000 JavaThread "lettuce-timer-3-1" [_thread_blocked, id=1552, stack(0x000000bc16b00000,0x000000bc16c00000)]
  0x00000236ea57c800 JavaThread "container-0" [_thread_blocked, id=5356, stack(0x000000bc16a00000,0x000000bc16b00000)]
  0x00000236e7c74000 JavaThread "Catalina-utility-2" [_thread_blocked, id=10796, stack(0x000000bc16900000,0x000000bc16a00000)]
  0x00000236e7c73800 JavaThread "Catalina-utility-1" [_thread_blocked, id=12524, stack(0x000000bc16800000,0x000000bc16900000)]
  0x00000236e6418800 JavaThread "Service Thread" daemon [_thread_blocked, id=7156, stack(0x000000bc16500000,0x000000bc16600000)]
  0x00000236e63e8000 JavaThread "C1 CompilerThread2" daemon [_thread_blocked, id=7264, stack(0x000000bc16400000,0x000000bc16500000)]
=>0x00000236e6389800 JavaThread "C2 CompilerThread1" daemon [_thread_in_native, id=8168, stack(0x000000bc16300000,0x000000bc16400000)]
  0x00000236e6385800 JavaThread "C2 CompilerThread0" daemon [_thread_in_native, id=2928, stack(0x000000bc16200000,0x000000bc16300000)]
  0x00000236e6384000 JavaThread "Monitor Ctrl-Break" daemon [_thread_in_native, id=7016, stack(0x000000bc16100000,0x000000bc16200000)]
  0x00000236e4ff0000 JavaThread "Attach Listener" daemon [_thread_blocked, id=11352, stack(0x000000bc16000000,0x000000bc16100000)]
  0x00000236e4fef000 JavaThread "Signal Dispatcher" daemon [_thread_blocked, id=1616, stack(0x000000bc15f00000,0x000000bc16000000)]
  0x00000236e4f6c000 JavaThread "Finalizer" daemon [_thread_blocked, id=12456, stack(0x000000bc15e00000,0x000000bc15f00000)]
  0x00000236e4f61800 JavaThread "Reference Handler" daemon [_thread_blocked, id=7092, stack(0x000000bc15d00000,0x000000bc15e00000)]

Other Threads:
  0x00000236e4f36000 VMThread [stack: 0x000000bc15c00000,0x000000bc15d00000] [id=14556]
  0x00000236e649d800 WatcherThread [stack: 0x000000bc16600000,0x000000bc16700000] [id=13880]

VM state:not at safepoint (normal execution)

VM Mutex/Monitor currently owned by a thread: None

heap address: 0x00000006c1800000, size: 4072 MB, Compressed Oops mode: Zero based, Oop shift amount: 3
Narrow klass base: 0x0000000000000000, Narrow klass shift: 3
Compressed class space size: 1073741824 Address: 0x00000007c0000000

Heap:
 PSYoungGen      total 263168K, used 73616K [0x000000076b300000, 0x000000077d100000, 0x00000007c0000000)
  eden space 246784K, 29% used [0x000000076b300000,0x000000076fae4170,0x000000077a400000)
  from space 16384K, 0% used [0x000000077c100000,0x000000077c100000,0x000000077d100000)
  to   space 21504K, 0% used [0x000000077a700000,0x000000077a700000,0x000000077bc00000)
 ParOldGen       total 243712K, used 24896K [0x00000006c1800000, 0x00000006d0600000, 0x000000076b300000)
  object space 243712K, 10% used [0x00000006c1800000,0x00000006c3050308,0x00000006d0600000)
 Metaspace       used 64042K, capacity 67208K, committed 67416K, reserved 1107968K
  class space    used 8026K, capacity 8564K, committed 8576K, reserved 1048576K

Card table byte_map: [0x00000236db100000,0x00000236db900000] byte_map_base: 0x00000236d7af4000

Marking Bits: (ParMarkBitMap*) 0x00000000777f7fe0
 Begin Bits: [0x00000236dbe50000, 0x00000236dfdf0000)
 End Bits:   [0x00000236dfdf0000, 0x00000236e3d90000)

Polling page: 0x00000236ca280000

CodeCache: size=245760Kb used=16221Kb max_used=16221Kb free=229538Kb
 bounds [0x00000236cbd40000, 0x00000236ccd30000, 0x00000236dad40000]
 total_blobs=5487 nmethods=4849 adapters=550
 compilation: enabled

Compilation events (10 events):
Event: 139.297 Thread 0x00000236e63e8000 nmethod 5464 0x00000236ccd10550 code [0x00000236ccd106a0, 0x00000236ccd107b8]
Event: 139.297 Thread 0x00000236e63e8000 5465       1       org.apache.ibatis.mapping.ResultMap::getMappedProperties (5 bytes)
Event: 139.297 Thread 0x00000236e63e8000 nmethod 5465 0x00000236ccd10810 code [0x00000236ccd10960, 0x00000236ccd10a78]
Event: 139.297 Thread 0x00000236e63e8000 5466       1       org.apache.ibatis.mapping.ResultMap::getId (5 bytes)
Event: 139.297 Thread 0x00000236e63e8000 nmethod 5466 0x00000236ccd10ad0 code [0x00000236ccd10c20, 0x00000236ccd10d38]
Event: 139.297 Thread 0x00000236e63e8000 5467       3       java.text.FieldPosition::<init> (25 bytes)
Event: 139.297 Thread 0x00000236e63e8000 nmethod 5467 0x00000236ccd10d90 code [0x00000236ccd10ee0, 0x00000236ccd110b8]
Event: 139.297 Thread 0x00000236e63e8000 5468       3       org.springframework.core.ResolvableType::forMethodReturnType (19 bytes)
Event: 139.298 Thread 0x00000236e63e8000 nmethod 5468 0x00000236ccd11150 code [0x00000236ccd11340, 0x00000236ccd11b40]
Event: 139.299 Thread 0x00000236e63e8000 5469       3       com.mysql.cj.CoreSession::getServerSession (10 bytes)

GC Heap History (10 events):
Event: 5.716 GC heap before
{Heap before GC invocations=5 (full 1):
 PSYoungGen      total 141824K, used 47118K [0x000000076b300000, 0x0000000777c00000, 0x00000007c0000000)
  eden space 131072K, 27% used [0x000000076b300000,0x000000076d6847a0,0x0000000773300000)
  from space 10752K, 99% used [0x0000000773300000,0x0000000773d7f3e0,0x0000000773d80000)
  to   space 10752K, 0% used [0x0000000777180000,0x0000000777180000,0x0000000777c00000)
 ParOldGen       total 112128K, used 14127K [0x00000006c1800000, 0x00000006c8580000, 0x000000076b300000)
  object space 112128K, 12% used [0x00000006c1800000,0x00000006c25cbf70,0x00000006c8580000)
 Metaspace       used 33463K, capacity 35300K, committed 35416K, reserved 1079296K
  class space    used 4316K, capacity 4648K, committed 4736K, reserved 1048576K
Event: 5.725 GC heap after
Heap after GC invocations=5 (full 1):
 PSYoungGen      total 195072K, used 7795K [0x000000076b300000, 0x0000000778200000, 0x00000007c0000000)
  eden space 184320K, 0% used [0x000000076b300000,0x000000076b300000,0x0000000776700000)
  from space 10752K, 72% used [0x0000000777180000,0x000000077791cf80,0x0000000777c00000)
  to   space 10752K, 0% used [0x0000000776700000,0x0000000776700000,0x0000000777180000)
 ParOldGen       total 112128K, used 14135K [0x00000006c1800000, 0x00000006c8580000, 0x000000076b300000)
  object space 112128K, 12% used [0x00000006c1800000,0x00000006c25cdf70,0x00000006c8580000)
 Metaspace       used 33463K, capacity 35300K, committed 35416K, reserved 1079296K
  class space    used 4316K, capacity 4648K, committed 4736K, reserved 1048576K
}
Event: 5.725 GC heap before
{Heap before GC invocations=6 (full 2):
 PSYoungGen      total 195072K, used 7795K [0x000000076b300000, 0x0000000778200000, 0x00000007c0000000)
  eden space 184320K, 0% used [0x000000076b300000,0x000000076b300000,0x0000000776700000)
  from space 10752K, 72% used [0x0000000777180000,0x000000077791cf80,0x0000000777c00000)
  to   space 10752K, 0% used [0x0000000776700000,0x0000000776700000,0x0000000777180000)
 ParOldGen       total 112128K, used 14135K [0x00000006c1800000, 0x00000006c8580000, 0x000000076b300000)
  object space 112128K, 12% used [0x00000006c1800000,0x00000006c25cdf70,0x00000006c8580000)
 Metaspace       used 33463K, capacity 35300K, committed 35416K, reserved 1079296K
  class space    used 4316K, capacity 4648K, committed 4736K, reserved 1048576K
Event: 5.775 GC heap after
Heap after GC invocations=6 (full 2):
 PSYoungGen      total 195072K, used 0K [0x000000076b300000, 0x0000000778200000, 0x00000007c0000000)
  eden space 184320K, 0% used [0x000000076b300000,0x000000076b300000,0x0000000776700000)
  from space 10752K, 0% used [0x0000000777180000,0x0000000777180000,0x0000000777c00000)
  to   space 10752K, 0% used [0x0000000776700000,0x0000000776700000,0x0000000777180000)
 ParOldGen       total 173056K, used 12683K [0x00000006c1800000, 0x00000006cc100000, 0x000000076b300000)
  object space 173056K, 7% used [0x00000006c1800000,0x00000006c2462ca8,0x00000006cc100000)
 Metaspace       used 33463K, capacity 35300K, committed 35416K, reserved 1079296K
  class space    used 4316K, capacity 4648K, committed 4736K, reserved 1048576K
}
Event: 123.930 GC heap before
{Heap before GC invocations=7 (full 2):
 PSYoungGen      total 195072K, used 184320K [0x000000076b300000, 0x0000000778200000, 0x00000007c0000000)
  eden space 184320K, 100% used [0x000000076b300000,0x0000000776700000,0x0000000776700000)
  from space 10752K, 0% used [0x0000000777180000,0x0000000777180000,0x0000000777c00000)
  to   space 10752K, 0% used [0x0000000776700000,0x0000000776700000,0x0000000777180000)
 ParOldGen       total 173056K, used 12683K [0x00000006c1800000, 0x00000006cc100000, 0x000000076b300000)
  object space 173056K, 7% used [0x00000006c1800000,0x00000006c2462ca8,0x00000006cc100000)
 Metaspace       used 50536K, capacity 53274K, committed 53464K, reserved 1095680K
  class space    used 6419K, capacity 6899K, committed 6912K, reserved 1048576K
Event: 123.954 GC heap after
Heap after GC invocations=7 (full 2):
 PSYoungGen      total 195072K, used 10749K [0x000000076b300000, 0x000000077d500000, 0x00000007c0000000)
  eden space 184320K, 0% used [0x000000076b300000,0x000000076b300000,0x0000000776700000)
  from space 10752K, 99% used [0x0000000776700000,0x000000077717f458,0x0000000777180000)
  to   space 20480K, 0% used [0x000000077c100000,0x000000077c100000,0x000000077d500000)
 ParOldGen       total 173056K, used 20857K [0x00000006c1800000, 0x00000006cc100000, 0x000000076b300000)
  object space 173056K, 12% used [0x00000006c1800000,0x00000006c2c5e598,0x00000006cc100000)
 Metaspace       used 50536K, capacity 53274K, committed 53464K, reserved 1095680K
  class space    used 6419K, capacity 6899K, committed 6912K, reserved 1048576K
}
Event: 133.317 GC heap before
{Heap before GC invocations=8 (full 2):
 PSYoungGen      total 195072K, used 62868K [0x000000076b300000, 0x000000077d500000, 0x00000007c0000000)
  eden space 184320K, 28% used [0x000000076b300000,0x000000076e5e5dd0,0x0000000776700000)
  from space 10752K, 99% used [0x0000000776700000,0x000000077717f458,0x0000000777180000)
  to   space 20480K, 0% used [0x000000077c100000,0x000000077c100000,0x000000077d500000)
 ParOldGen       total 173056K, used 20857K [0x00000006c1800000, 0x00000006cc100000, 0x000000076b300000)
  object space 173056K, 12% used [0x00000006c1800000,0x00000006c2c5e598,0x00000006cc100000)
 Metaspace       used 55972K, capacity 58744K, committed 59028K, reserved 1101824K
  class space    used 7066K, capacity 7580K, committed 7680K, reserved 1048576K
Event: 133.338 GC heap after
Heap after GC invocations=8 (full 2):
 PSYoungGen      total 263168K, used 16259K [0x000000076b300000, 0x000000077d100000, 0x00000007c0000000)
  eden space 246784K, 0% used [0x000000076b300000,0x000000076b300000,0x000000077a400000)
  from space 16384K, 99% used [0x000000077c100000,0x000000077d0e0da8,0x000000077d100000)
  to   space 21504K, 0% used [0x000000077a700000,0x000000077a700000,0x000000077bc00000)
 ParOldGen       total 173056K, used 20865K [0x00000006c1800000, 0x00000006cc100000, 0x000000076b300000)
  object space 173056K, 12% used [0x00000006c1800000,0x00000006c2c60598,0x00000006cc100000)
 Metaspace       used 55972K, capacity 58744K, committed 59028K, reserved 1101824K
  class space    used 7066K, capacity 7580K, committed 7680K, reserved 1048576K
}
Event: 133.338 GC heap before
{Heap before GC invocations=9 (full 3):
 PSYoungGen      total 263168K, used 16259K [0x000000076b300000, 0x000000077d100000, 0x00000007c0000000)
  eden space 246784K, 0% used [0x000000076b300000,0x000000076b300000,0x000000077a400000)
  from space 16384K, 99% used [0x000000077c100000,0x000000077d0e0da8,0x000000077d100000)
  to   space 21504K, 0% used [0x000000077a700000,0x000000077a700000,0x000000077bc00000)
 ParOldGen       total 173056K, used 20865K [0x00000006c1800000, 0x00000006cc100000, 0x000000076b300000)
  object space 173056K, 12% used [0x00000006c1800000,0x00000006c2c60598,0x00000006cc100000)
 Metaspace       used 55972K, capacity 58744K, committed 59028K, reserved 1101824K
  class space    used 7066K, capacity 7580K, committed 7680K, reserved 1048576K
Event: 133.484 GC heap after
Heap after GC invocations=9 (full 3):
 PSYoungGen      total 263168K, used 0K [0x000000076b300000, 0x000000077d100000, 0x00000007c0000000)
  eden space 246784K, 0% used [0x000000076b300000,0x000000076b300000,0x000000077a400000)
  from space 16384K, 0% used [0x000000077c100000,0x000000077c100000,0x000000077d100000)
  to   space 21504K, 0% used [0x000000077a700000,0x000000077a700000,0x000000077bc00000)
 ParOldGen       total 243712K, used 24896K [0x00000006c1800000, 0x00000006d0600000, 0x000000076b300000)
  object space 243712K, 10% used [0x00000006c1800000,0x00000006c3050308,0x00000006d0600000)
 Metaspace       used 55967K, capacity 58726K, committed 59028K, reserved 1101824K
  class space    used 7064K, capacity 7577K, committed 7680K, reserved 1048576K
}

Deoptimization events (10 events):
Event: 134.756 Thread 0x00000236eac3d000 Uncommon trap: reason=class_check action=maybe_recompile pc=0x00000236ccc1b9b8 method=sun.security.util.AbstractAlgorithmConstraints.checkAlgorithm(Ljava/util/List;Ljava/lang/String;Lsun/security/util/AlgorithmDecomposer;)Z @ 86
Event: 134.765 Thread 0x00000236eac3d000 Uncommon trap: reason=unstable_if action=reinterpret pc=0x00000236cc7052ac method=java.util.EnumSet.typeCheck(Ljava/lang/Enum;)V @ 10
Event: 134.810 Thread 0x00000236eac3d000 Uncommon trap: reason=class_check action=maybe_recompile pc=0x00000236ccc3bf2c method=sun.security.util.math.intpoly.IntegerPolynomial$MutableElement.setSum(Lsun/security/util/math/IntegerModuloP;)Lsun/security/util/math/intpoly/IntegerPolynomial$MutableE
Event: 134.810 Thread 0x00000236eac3d000 Uncommon trap: reason=class_check action=maybe_recompile pc=0x00000236ccc3bf2c method=sun.security.util.math.intpoly.IntegerPolynomial$MutableElement.setSum(Lsun/security/util/math/IntegerModuloP;)Lsun/security/util/math/intpoly/IntegerPolynomial$MutableE
Event: 134.810 Thread 0x00000236eac3d000 Uncommon trap: reason=class_check action=maybe_recompile pc=0x00000236ccc3bf2c method=sun.security.util.math.intpoly.IntegerPolynomial$MutableElement.setSum(Lsun/security/util/math/IntegerModuloP;)Lsun/security/util/math/intpoly/IntegerPolynomial$MutableE
Event: 134.810 Thread 0x00000236eac3d000 Uncommon trap: reason=class_check action=maybe_recompile pc=0x00000236ccc3bf2c method=sun.security.util.math.intpoly.IntegerPolynomial$MutableElement.setSum(Lsun/security/util/math/IntegerModuloP;)Lsun/security/util/math/intpoly/IntegerPolynomial$MutableE
Event: 138.194 Thread 0x00000236eac3d000 Uncommon trap: reason=unstable_if action=reinterpret pc=0x00000236cc47bf0c method=java.util.HashMap.putVal(ILjava/lang/Object;Ljava/lang/Object;ZZ)Ljava/lang/Object; @ 162
Event: 138.201 Thread 0x00000236eac3d000 Uncommon trap: reason=unstable_if action=reinterpret pc=0x00000236cc222b90 method=java.util.HashMap.resize()[Ljava/util/HashMap$Node; @ 206
Event: 138.218 Thread 0x00000236eac3d000 Uncommon trap: reason=unstable_if action=reinterpret pc=0x00000236cc785948 method=java.lang.Class$MethodArray.addIfNotPresent(Ljava/lang/reflect/Method;)V @ 19
Event: 138.218 Thread 0x00000236eac3d000 Uncommon trap: reason=unstable_if action=reinterpret pc=0x00000236cc7275b4 method=java.lang.Class$MethodArray.addIfNotPresent(Ljava/lang/reflect/Method;)V @ 19

Classes redefined (0 events):
No events

Internal exceptions (10 events):
Event: 123.878 Thread 0x00000236eb744800 Exception <a 'java/lang/ClassNotFoundException': java/lang/ObjectCustomizer> (0x00000007764bbb00) thrown at [C:\jenkins\workspace\8-2-build-windows-amd64-cygwin\jdk8u271\605\hotspot\src\share\vm\classfile\systemDictionary.cpp, line 212]
Event: 123.881 Thread 0x00000236eb744800 Exception <a 'java/lang/ClassNotFoundException': com/github/pagehelper/PageSerializableCustomizer> (0x00000007764d5640) thrown at [C:\jenkins\workspace\8-2-build-windows-amd64-cygwin\jdk8u271\605\hotspot\src\share\vm\classfile\systemDictionary.cpp, line 2
Event: 123.883 Thread 0x00000236eb744800 Exception <a 'java/lang/ClassNotFoundException': com/github/pagehelper/PageInfoCustomizer> (0x00000007764f3d80) thrown at [C:\jenkins\workspace\8-2-build-windows-amd64-cygwin\jdk8u271\605\hotspot\src\share\vm\classfile\systemDictionary.cpp, line 212]
Event: 133.097 Thread 0x00000236eac3d000 Exception <a 'java/lang/NoSuchMethodError': java.lang.Object.lambda$static$0(Lokhttp3/Route;Lokhttp3/Response;)Lokhttp3/Request;> (0x000000076dc6c4e0) thrown at [C:\jenkins\workspace\8-2-build-windows-amd64-cygwin\jdk8u271\605\hotspot\src\share\vm\interpr
Event: 133.100 Thread 0x00000236eac3d000 Exception <a 'java/lang/NoSuchMethodError': java.lang.Object.lambda$static$0(Ljava/lang/String;)Ljava/util/List;> (0x000000076dca2a60) thrown at [C:\jenkins\workspace\8-2-build-windows-amd64-cygwin\jdk8u271\605\hotspot\src\share\vm\interpreter\linkResolve
Event: 133.484 Thread 0x00000236e95fb800 Implicit null exception at 0x00000236cc12347f to 0x00000236cc12390f
Event: 138.127 Thread 0x00000236eac3d000 Exception <a 'java/lang/ClassNotFoundException': java/lang/ObjectCustomizer> (0x000000076d575500) thrown at [C:\jenkins\workspace\8-2-build-windows-amd64-cygwin\jdk8u271\605\hotspot\src\share\vm\classfile\systemDictionary.cpp, line 212]
Event: 138.128 Thread 0x00000236eac3d000 Exception <a 'java/lang/ClassNotFoundException': com/imnoob/community/dto/UserExtCustomizer> (0x000000076d58dae8) thrown at [C:\jenkins\workspace\8-2-build-windows-amd64-cygwin\jdk8u271\605\hotspot\src\share\vm\classfile\systemDictionary.cpp, line 212]
Event: 138.129 Thread 0x00000236eac3d000 Exception <a 'java/lang/ClassNotFoundException': java/lang/ObjectCustomizer> (0x000000076d5a5420) thrown at [C:\jenkins\workspace\8-2-build-windows-amd64-cygwin\jdk8u271\605\hotspot\src\share\vm\classfile\systemDictionary.cpp, line 212]
Event: 138.130 Thread 0x00000236eac3d000 Exception <a 'java/lang/ClassNotFoundException': com/imnoob/community/model/UserCustomizer> (0x000000076d5bcdc8) thrown at [C:\jenkins\workspace\8-2-build-windows-amd64-cygwin\jdk8u271\605\hotspot\src\share\vm\classfile\systemDictionary.cpp, line 212]

Events (10 events):
Event: 139.183 Executing VM operation: RevokeBias done
Event: 139.184 Executing VM operation: RevokeBias
Event: 139.184 Executing VM operation: RevokeBias done
Event: 139.184 Executing VM operation: RevokeBias
Event: 139.184 Executing VM operation: RevokeBias done
Event: 139.189 Thread 0x00000236eb132800 Thread added: 0x00000236eb132800
Event: 139.189 Executing VM operation: RevokeBias
Event: 139.190 Executing VM operation: RevokeBias done
Event: 139.195 Executing VM operation: RevokeBias
Event: 139.195 Executing VM operation: RevokeBias done


Dynamic libraries:
0x00007ff7c8040000 - 0x00007ff7c8087000 	C:\Program Files\Java\jdk1.8.0_271\bin\java.exe
0x00007ffae4cc0000 - 0x00007ffae4eb0000 	C:\Windows\SYSTEM32\ntdll.dll
0x00007ffae4b10000 - 0x00007ffae4bc2000 	C:\Windows\System32\KERNEL32.DLL
0x00007ffae2910000 - 0x00007ffae2bb5000 	C:\Windows\System32\KERNELBASE.dll
0x00007ffae4bd0000 - 0x00007ffae4c73000 	C:\Windows\System32\ADVAPI32.dll
0x00007ffae4510000 - 0x00007ffae45ae000 	C:\Windows\System32\msvcrt.dll
0x00007ffae4830000 - 0x00007ffae48c7000 	C:\Windows\System32\sechost.dll
0x00007ffae2d70000 - 0x00007ffae2e8f000 	C:\Windows\System32\RPCRT4.dll
0x00007ffae3640000 - 0x00007ffae37d4000 	C:\Windows\System32\USER32.dll
0x00007ffae2be0000 - 0x00007ffae2c01000 	C:\Windows\System32\win32u.dll
0x00007ffae3610000 - 0x00007ffae3636000 	C:\Windows\System32\GDI32.dll
0x00007ffae2570000 - 0x00007ffae2708000 	C:\Windows\System32\gdi32full.dll
0x00007ffae2710000 - 0x00007ffae27ae000 	C:\Windows\System32\msvcp_win.dll
0x00007ffae2470000 - 0x00007ffae256a000 	C:\Windows\System32\ucrtbase.dll
0x00007ffae0ff0000 - 0x00007ffae1274000 	C:\Windows\WinSxS\amd64_microsoft.windows.common-controls_6595b64144ccf1df_6.0.18362.1440_none_9e7dbfb9e45e8e67\COMCTL32.dll
0x00007ffae3f80000 - 0x00007ffae42b6000 	C:\Windows\System32\combase.dll
0x00007ffae23b0000 - 0x00007ffae2431000 	C:\Windows\System32\bcryptPrimitives.dll
0x00007ffae4a30000 - 0x00007ffae4a5e000 	C:\Windows\System32\IMM32.DLL
0x00007ffadac80000 - 0x00007ffadac95000 	C:\Program Files\Java\jdk1.8.0_271\jre\bin\vcruntime140.dll
0x00007ffadabe0000 - 0x00007ffadac7b000 	C:\Program Files\Java\jdk1.8.0_271\jre\bin\msvcp140.dll
0x0000000077000000 - 0x000000007786f000 	C:\Program Files\Java\jdk1.8.0_271\jre\bin\server\jvm.dll
0x00007ffae3d00000 - 0x00007ffae3d08000 	C:\Windows\System32\PSAPI.DLL
0x00007ffada6d0000 - 0x00007ffada6d9000 	C:\Windows\SYSTEM32\WSOCK32.dll
0x00007ffae4390000 - 0x00007ffae43ff000 	C:\Windows\System32\WS2_32.dll
0x00007ffadf520000 - 0x00007ffadf544000 	C:\Windows\SYSTEM32\WINMM.dll
0x00007ffad8aa0000 - 0x00007ffad8aaa000 	C:\Windows\SYSTEM32\VERSION.dll
0x00007ffadf0a0000 - 0x00007ffadf0cd000 	C:\Windows\SYSTEM32\WINMMBASE.dll
0x00007ffae2c70000 - 0x00007ffae2cba000 	C:\Windows\System32\cfgmgr32.dll
0x00007ffae1b80000 - 0x00007ffae1b91000 	C:\Windows\System32\kernel.appcore.dll
0x00007ffadad40000 - 0x00007ffadad50000 	C:\Program Files\Java\jdk1.8.0_271\jre\bin\verify.dll
0x00007ffada950000 - 0x00007ffada97b000 	C:\Program Files\Java\jdk1.8.0_271\jre\bin\java.dll
0x00007ffadf6b0000 - 0x00007ffadf6e0000 	C:\Program Files\Java\jdk1.8.0_271\jre\bin\instrument.dll
0x00007ffada930000 - 0x00007ffada948000 	C:\Program Files\Java\jdk1.8.0_271\jre\bin\zip.dll
0x00007ffae2f20000 - 0x00007ffae3608000 	C:\Windows\System32\SHELL32.dll
0x00007ffae4a60000 - 0x00007ffae4b07000 	C:\Windows\System32\shcore.dll
0x00007ffae1c30000 - 0x00007ffae23ab000 	C:\Windows\System32\windows.storage.dll
0x00007ffae1ba0000 - 0x00007ffae1bbe000 	C:\Windows\System32\profapi.dll
0x00007ffae1bc0000 - 0x00007ffae1c0a000 	C:\Windows\System32\powrprof.dll
0x00007ffae1b70000 - 0x00007ffae1b80000 	C:\Windows\System32\UMPDC.dll
0x00007ffae4620000 - 0x00007ffae4672000 	C:\Windows\System32\shlwapi.dll
0x00007ffae2bc0000 - 0x00007ffae2bd7000 	C:\Windows\System32\cryptsp.dll
0x00007ffadf690000 - 0x00007ffadf6aa000 	E:\IntelliJ IDEA 2019.3.5\bin\breakgen64.dll
0x00007ffada910000 - 0x00007ffada92c000 	C:\Program Files\Java\jdk1.8.0_271\jre\bin\net.dll
0x00007ffae0e30000 - 0x00007ffae0e97000 	C:\Windows\system32\mswsock.dll
0x00007ffadbda0000 - 0x00007ffadbdad000 	C:\Program Files\Java\jdk1.8.0_271\jre\bin\management.dll
0x00007ffac83e0000 - 0x00007ffac83f6000 	C:\Windows\system32\napinsp.dll
0x00007ffac83c0000 - 0x00007ffac83da000 	C:\Windows\system32\pnrpnsp.dll
0x00007ffac83a0000 - 0x00007ffac83b5000 	C:\Windows\system32\wshbth.dll
0x00007ffaddc80000 - 0x00007ffaddc9c000 	C:\Windows\system32\NLAapi.dll
0x00007ffae09e0000 - 0x00007ffae0a1a000 	C:\Windows\SYSTEM32\IPHLPAPI.DLL
0x00007ffae0a20000 - 0x00007ffae0aeb000 	C:\Windows\SYSTEM32\DNSAPI.dll
0x00007ffae2f10000 - 0x00007ffae2f18000 	C:\Windows\System32\NSI.dll
0x00007ffac8390000 - 0x00007ffac839e000 	C:\Windows\System32\winrnr.dll
0x00007ffad0200000 - 0x00007ffad020a000 	C:\Windows\System32\rasadhlp.dll
0x00007ffad4b80000 - 0x00007ffad4bf7000 	C:\Windows\System32\fwpuclnt.dll
0x00007ffae2440000 - 0x00007ffae2466000 	C:\Windows\System32\bcrypt.dll
0x00007ffada710000 - 0x00007ffada723000 	C:\Program Files\Java\jdk1.8.0_271\jre\bin\nio.dll
0x00007ffae0850000 - 0x00007ffae0883000 	C:\Windows\system32\rsaenh.dll
0x00007ffae1a50000 - 0x00007ffae1a75000 	C:\Windows\SYSTEM32\USERENV.dll
0x00007ffae0f10000 - 0x00007ffae0f1c000 	C:\Windows\SYSTEM32\CRYPTBASE.dll
0x00007ffad8870000 - 0x00007ffad8886000 	C:\Windows\SYSTEM32\dhcpcsvc6.DLL
0x00007ffad53a0000 - 0x00007ffad53bc000 	C:\Windows\SYSTEM32\dhcpcsvc.DLL
0x00007ffad38b0000 - 0x00007ffad38d4000 	C:\Program Files\Java\jdk1.8.0_271\jre\bin\sunec.dll
0x00007ffadaf00000 - 0x00007ffadaf0d000 	C:\Program Files\Java\jdk1.8.0_271\jre\bin\sunmscapi.dll
0x00007ffae27b0000 - 0x00007ffae2901000 	C:\Windows\System32\CRYPT32.dll
0x00007ffae1c10000 - 0x00007ffae1c22000 	C:\Windows\System32\MSASN1.dll
0x00007ffae0fc0000 - 0x00007ffae0fe6000 	C:\Windows\SYSTEM32\ncrypt.dll
0x00007ffae0f80000 - 0x00007ffae0fbb000 	C:\Windows\SYSTEM32\NTASN1.dll
0x00007ffae1550000 - 0x00007ffae1744000 	C:\Windows\SYSTEM32\dbghelp.dll

VM Arguments:
jvm_args: -javaagent:E:\IntelliJ IDEA 2019.3.5\lib\idea_rt.jar=58846:E:\IntelliJ IDEA 2019.3.5\bin -Dfile.encoding=UTF-8 
java_command: com.imnoob.community.CommunityApplication
java_class_path (initial): C:\Program Files\Java\jdk1.8.0_271\jre\lib\charsets.jar;C:\Program Files\Java\jdk1.8.0_271\jre\lib\deploy.jar;C:\Program Files\Java\jdk1.8.0_271\jre\lib\ext\access-bridge-64.jar;C:\Program Files\Java\jdk1.8.0_271\jre\lib\ext\cldrdata.jar;C:\Program Files\Java\jdk1.8.0_271\jre\lib\ext\dnsns.jar;C:\Program Files\Java\jdk1.8.0_271\jre\lib\ext\jaccess.jar;C:\Program Files\Java\jdk1.8.0_271\jre\lib\ext\jfxrt.jar;C:\Program Files\Java\jdk1.8.0_271\jre\lib\ext\localedata.jar;C:\Program Files\Java\jdk1.8.0_271\jre\lib\ext\nashorn.jar;C:\Program Files\Java\jdk1.8.0_271\jre\lib\ext\sunec.jar;C:\Program Files\Java\jdk1.8.0_271\jre\lib\ext\sunjce_provider.jar;C:\Program Files\Java\jdk1.8.0_271\jre\lib\ext\sunmscapi.jar;C:\Program Files\Java\jdk1.8.0_271\jre\lib\ext\sunpkcs11.jar;C:\Program Files\Java\jdk1.8.0_271\jre\lib\ext\zipfs.jar;C:\Program Files\Java\jdk1.8.0_271\jre\lib\javaws.jar;C:\Program Files\Java\jdk1.8.0_271\jre\lib\jce.jar;C:\Program Files\Java\jdk1.8.0_271\jre\lib\jfr.jar;C:\Program Files\Java\jdk1.8.0_271\jre\lib\jfxswt.jar;C:\Program Files\Java\jdk1.8.0_271\jre\lib\jsse.jar;C:\Program Files\Java\jdk1.8.0_271\jre\lib\management-agent.jar;C:\Program Files\Java\jdk1.8.0_271\jre\lib\plugin.jar;C:\Program Files\Java\jdk1.8.0_271\jre\lib\resources.jar;C:\Program Files\Java\jdk1.8.0_271\jre\lib\rt.jar;G:\workspace\community\target\classes;F:\Maven\apache-maven-3.6.3-bin\repo\org\springframework\boot\spring-boot-starter-thymeleaf\2.4.4\spring-boot-starter-thymeleaf-2.4.4.jar;F:\Maven\apache-maven-3.6.3-bin\repo\org\springframework\boot\spring-boot-starter\2.4.4\spring-boot-starter-2.4.4.jar;F:\Maven\apache-maven-3.6.3-bin\repo\org\springframework\boot\spring-boot\2.4.4\spring-boot-2.4.4.jar;F:\Maven\apache-maven-3.6.3-bin\repo\org\springframework\boot\spring-boot-autoconfigure\2.4.4\spring-boot-autoconfigure-2.4.4.jar;F:\Maven\apache-maven-3.6.3-bin\repo\org\springframework\boot\spring-boot-starter-logging\2.4.4\spring-boot-starter-logging
Launcher Type: SUN_STANDARD

Environment Variables:
JAVA_HOME=C:\Program Files\Java\jdk1.8.0_271
CLASSPATH=.;C:\Program Files\Java\jdk1.8.0_271\lib\dt.jar;C:\Program Files\Java\jdk1.8.0_271\lib\tools.jar;
PATH=F:\VMware\bin\;C:\Program Files (x86)\Common Files\Oracle\Java\javapath;F:\xftp\;F:\xshell\;C:\Windows\system32;C:\Windows;C:\Windows\System32\Wbem;C:\Windows\System32\WindowsPowerShell\v1.0\;C:\Windows\System32\OpenSSH\;C:\Program Files (x86)\NVIDIA Corporation\PhysX\Common;C:\Program Files\NVIDIA Corporation\NVIDIA NvDLISR;C:\Program Files\Java\jdk1.8.0_271\bin;C:\Program Files\Java\jdk1.8.0_271\jre\bin;F:\Maven\apache-maven-3.6.3-bin\apache-maven-3.6.3\bin;F:\Git\cmd;E:\Pythond;D:\mysql-8.0.21-winx64\bin;C:\Program Files\dotnet\;F:\erlang\erl10.6\bin;F:\RabbitMQ\rabbitmq_server-3.7.7\sbin;C:\Users\noob\AppData\Local\Microsoft\WindowsApps;
USERNAME=noob
OS=Windows_NT
PROCESSOR_IDENTIFIER=Intel64 Family 6 Model 142 Stepping 9, GenuineIntel



---------------  S Y S T E M  ---------------

OS: Windows 10.0 , 64 bit Build 18362 (10.0.18362.1350)

CPU:total 4 (initial active 4) (2 cores per cpu, 2 threads per core) family 6 model 142 stepping 9, cmov, cx8, fxsr, mmx, sse, sse2, sse3, ssse3, sse4.1, sse4.2, popcnt, avx, avx2, aes, clmul, erms, 3dnowpref, lzcnt, ht, tsc, tscinvbit, bmi1, bmi2, adx

Memory: 4k page, physical 16674956k(3302544k free), swap 27012824k(4332k free)

vm_info: Java HotSpot(TM) 64-Bit Server VM (25.271-b09) for windows-amd64 JRE (1.8.0_271-b09), built on Sep 16 2020 19:14:59 by "" with MS VC++ 15.9 (VS2017)

time: Mon Apr 12 15:51:24 2021
timezone: ?D1¨²¡À¨º¡Á?¨º¡À??
elapsed time: 139.341328 seconds (0d 0h 2m 19s)

